<?xml version="1.0" encoding="UTF-8"?>
<!-- Generated by org.testng.reporters.JUnitReportReporter -->
<testsuite hostname="DESKTOP-E01A0PI" failures="0" tests="1" name="test.day2" time="0.004" errors="0" timestamp="2024-07-24T11:26:49 IST" skipped="0">
  <testcase classname="test.day2" name="ploan" time="0.004"/>
  <system-out/>
</testsuite> <!-- test.day2 -->
