<?xml version="1.0" encoding="UTF-8"?>
<!-- Generated by org.testng.reporters.JUnitReportReporter -->
<testsuite hostname="DESKTOP-E01A0PI" failures="0" tests="5" name="test.Lecture4" time="0.025" errors="0" timestamp="2024-07-17T19:22:14 IST" skipped="0">
  <testcase classname="test.Lecture4" name="MobileHomelogin" time="0.002"/>
  <system-out/>
  <testcase classname="test.Lecture4" name="APIHomeLogin" time="0.009"/>
  <system-out/>
  <testcase classname="test.Lecture4" name="MobileHomeSignIn" time="0.006"/>
  <system-out/>
  <testcase classname="test.Lecture4" name="WebHomelogin" time="0.005"/>
  <system-out/>
  <testcase classname="test.Lecture4" name="MobileHomeSignOut" time="0.003"/>
  <system-out/>
</testsuite> <!-- test.Lecture4 -->
