<?xml version="1.0" encoding="UTF-8"?>
<!-- Generated by org.testng.reporters.JUnitReportReporter -->
<testsuite hostname="DESKTOP-E01A0PI" failures="0" tests="3" name="test.Lecture3" time="0.013" errors="0" timestamp="2024-07-17T19:22:14 IST" skipped="0">
  <testcase classname="test.Lecture3" name="APICarLogin" time="0.006"/>
  <system-out/>
  <testcase classname="test.Lecture3" name="MobileCarlogin" time="0.002"/>
  <system-out/>
  <testcase classname="test.Lecture3" name="WebCarlogin" time="0.005"/>
  <system-out/>
</testsuite> <!-- test.Lecture3 -->
