<?xml version="1.0" encoding="UTF-8"?>
<!-- Generated by org.testng.reporters.JUnitReportReporter -->
<testsuite hostname="DESKTOP-E01A0PI" failures="0" tests="2" name="test.Lecture1" time="0.018" errors="0" timestamp="2024-07-17T19:22:14 IST" skipped="0">
  <testcase classname="test.Lecture1" name="FirstDemo" time="0.016"/>
  <system-out/>
  <testcase classname="test.Lecture1" name="SecondDemo" time="0.002"/>
  <system-out/>
</testsuite> <!-- test.Lecture1 -->
