<?xml version="1.0" encoding="UTF-8"?>
<!-- Generated by org.testng.reporters.JUnitReportReporter -->
<testsuite hostname="DESKTOP-E01A0PI" failures="0" tests="3" name="test.day4" time="0.111" errors="0" timestamp="2024-07-24T11:26:49 IST" skipped="0">
  <testcase classname="test.day4" name="LoginAPIHomeLoan" time="0.016"/>
  <system-out/>
  <testcase classname="test.day4" name="WebloginHomeLoan" time="0.044"/>
  <system-out/>
  <testcase classname="test.day4" name="MobileLoginHomeLoan" time="0.051"/>
  <system-out/>
</testsuite> <!-- test.day4 -->
