<?xml version="1.0" encoding="UTF-8"?>
<!-- Generated by org.testng.reporters.JUnitReportReporter -->
<testsuite hostname="DESKTOP-E01A0PI" failures="0" tests="6" name="test.day3" time="0.115" errors="0" timestamp="2024-07-24T11:26:49 IST" skipped="1">
  <testcase classname="test.day3" name="MobileLogincarLoan" time="0.017"/>
  <system-out/>
  <testcase classname="test.day3" name="MobilesignoutcarLoan" time="0.023"/>
  <system-out/>
  <testcase classname="test.day3" name="WebloginCarLoan" time="0.012"/>
  <system-out/>
  <testcase classname="test.day3" name="MobilesignoutcarLoan" time="0.047"/>
  <system-out/>
  <testcase classname="test.day3" name="MobilesignoutcarLoan" time="0.016"/>
  <system-out/>
  <testcase classname="test.day3" name="MobilesignimcarLoan">
    <skipped/>
  </testcase> <!-- MobilesignimcarLoan -->
  <system-out/>
</testsuite> <!-- test.day3 -->
